<?xml version="1.0" encoding="UTF-8"?>
<!-- Generated by org.testng.reporters.JUnitReportReporter -->
<testsuite hostname="DESKTOP-66CLIL3" failures="0" tests="1" name="testpkg.test1" time="91.972" errors="0" timestamp="2023-11-23T21:25:22 IST" skipped="0">
  <testcase classname="testpkg.test1" name="test" time="91.972"/>
  <system-out/>
</testsuite> <!-- testpkg.test1 -->
